Using pre-set license
Built from '2020.3/release' branch; Version is '2020.3.2f1 (8fd9074bf66c) revision 9427207'; Using compiler version '192528614'; Build Type 'Release'
OS: 'Windows 10 Home; OS build 19041.867; Version 2004; 64bit' Language: 'en' Physical Memory: 16343 MB
BatchMode: 1, IsHumanControllingUs: 0, StartBugReporterOnCrash: 0, Is64bit: 1, IsPro: 0

 COMMAND LINE ARGUMENTS:
D:\Work\Unity\2020.3.2f1\Editor\Unity.exe
-adb2
-batchMode
-noUpm
-name
AssetImportWorker0
-projectPath
D:/Work/Unity/Work/TestCo
-logFile
Logs/AssetImportWorker0.log
-srvPort
53084
Successfully changed project path to: D:/Work/Unity/Work/TestCo
D:/Work/Unity/Work/TestCo
Using Asset Import Pipeline V2.
Refreshing native plugins compatible for Editor in 32.80 ms, found 1 plugins.
Preloading 0 native plugins for Editor in 0.00 ms.
Initialize engine version: 2020.3.2f1 (8fd9074bf66c)
[Subsystems] Discovering subsystems at path D:/Work/Unity/2020.3.2f1/Editor/Data/Resources/UnitySubsystems
[Subsystems] Discovering subsystems at path D:/Work/Unity/Work/TestCo/Assets
GfxDevice: creating device client; threaded=0
Direct3D:
    Version:  Direct3D 11.0 [level 11.1]
    Renderer: NVIDIA GeForce GTX 1080 (ID=0x1b80)
    Vendor:   
    VRAM:     8079 MB
    Driver:   27.21.14.6140
Initialize mono
Mono path[0] = 'D:/Work/Unity/2020.3.2f1/Editor/Data/Managed'
Mono path[1] = 'D:/Work/Unity/2020.3.2f1/Editor/Data/MonoBleedingEdge/lib/mono/unityjit'
Mono config path = 'D:/Work/Unity/2020.3.2f1/Editor/Data/MonoBleedingEdge/etc'
Using monoOptions --debugger-agent=transport=dt_socket,embedding=1,server=y,suspend=n,address=127.0.0.1:56844
Begin MonoManager ReloadAssembly
Registering precompiled unity dll's ...
Register platform support module: D:/Work/Unity/2020.3.2f1/Editor/Data/PlaybackEngines/WindowsStandaloneSupport/UnityEditor.WindowsStandalone.Extensions.dll
Registered in 0.001055 seconds.
Native extension for WindowsStandalone target not found
Refreshing native plugins compatible for Editor in 31.65 ms, found 1 plugins.
Preloading 0 native plugins for Editor in 0.00 ms.
Invoked RoslynAnalysisRunner static constructor.
RoslynAnalysisRunner will not be running.
RoslynAnalysisRunner has terminated.
Mono: successfully reloaded assembly
- Completed reload, in  0.937 seconds
Platform modules already initialized, skipping
Registering precompiled user dll's ...
Registered in 0.000714 seconds.
Begin MonoManager ReloadAssembly
Native extension for WindowsStandalone target not found
Refreshing native plugins compatible for Editor in 31.15 ms, found 1 plugins.
Preloading 0 native plugins for Editor in 0.00 ms.
Invoked RoslynAnalysisRunner static constructor.
RoslynAnalysisRunner will not be running.
RoslynAnalysisRunner has terminated.
Mono: successfully reloaded assembly
- Completed reload, in  0.868 seconds
Platform modules already initialized, skipping
========================================================================
Worker process is ready to serve import requests
Launched and connected shader compiler UnityShaderCompiler.exe after 0.05 seconds
Refreshing native plugins compatible for Editor in 0.32 ms, found 1 plugins.
Preloading 0 native plugins for Editor in 0.00 ms.
Unloading 1813 Unused Serialized files (Serialized files now loaded: 0)
System memory in use before: 85.1 MB.
System memory in use after: 85.0 MB.

Unloading 24 unused Assets to reduce memory usage. Loaded Objects now: 2255.
Total: 2.103100 ms (FindLiveObjects: 0.170400 ms CreateObjectMapping: 0.066100 ms MarkObjects: 1.748000 ms  DeleteObjects: 0.117400 ms)

========================================================================
Received Import Request.
  path: Assets/Test2.cs
  artifactKey: Guid(cfb7b4536bacb3e4e8a1e374b2e2f0db) Importer(815301076,1909f56bfc062723c751e8b465ee728b)
Start importing Assets/Test2.cs using Guid(cfb7b4536bacb3e4e8a1e374b2e2f0db) Importer(815301076,1909f56bfc062723c751e8b465ee728b)  -> (artifact id: 'cad04b061c630d7f5c45aee33f695a08') in 0.053897 seconds
  Import took 0.065735 seconds .

========================================================================
Received Import Request.
  Time since last request: 2.838877 seconds.
  path: Assets/TestTiming.cs
  artifactKey: Guid(cfb7b4536bacb3e4e8a1e374b2e2f0db) Importer(815301076,1909f56bfc062723c751e8b465ee728b)
Start importing Assets/TestTiming.cs using Guid(cfb7b4536bacb3e4e8a1e374b2e2f0db) Importer(815301076,1909f56bfc062723c751e8b465ee728b)  -> (artifact id: '8260914853aaa3ebc13fb244f35a0a5f') in 0.010722 seconds
  Import took 0.014974 seconds .

========================================================================
Received Prepare
Registering precompiled user dll's ...
Registered in 0.000686 seconds.
Begin MonoManager ReloadAssembly
Native extension for WindowsStandalone target not found
Refreshing native plugins compatible for Editor in 0.33 ms, found 1 plugins.
Preloading 0 native plugins for Editor in 0.00 ms.
Invoked RoslynAnalysisRunner static constructor.
RoslynAnalysisRunner will not be running.
RoslynAnalysisRunner has terminated.
Mono: successfully reloaded assembly
- Completed reload, in  1.025 seconds
Platform modules already initialized, skipping
Refreshing native plugins compatible for Editor in 0.35 ms, found 1 plugins.
Preloading 0 native plugins for Editor in 0.00 ms.
Unloading 1808 Unused Serialized files (Serialized files now loaded: 0)
System memory in use before: 85.0 MB.
System memory in use after: 85.0 MB.

Unloading 12 unused Assets to reduce memory usage. Loaded Objects now: 2259.
Total: 2.168700 ms (FindLiveObjects: 0.189000 ms CreateObjectMapping: 0.065900 ms MarkObjects: 1.818500 ms  DeleteObjects: 0.094300 ms)

========================================================================
Received Import Request.
  Time since last request: 4.200782 seconds.
  path: Assets
  artifactKey: Guid(00000000000000001000000000000000) Importer(815301076,1909f56bfc062723c751e8b465ee728b)
Start importing Assets using Guid(00000000000000001000000000000000) Importer(815301076,1909f56bfc062723c751e8b465ee728b)  -> (artifact id: '819a33a9bd799f71faca6db75e8a216c') in 0.008150 seconds
  Import took 0.012420 seconds .

========================================================================
Received Import Request.
  Time since last request: 0.000272 seconds.
  path: Assets/GameObject.prefab
  artifactKey: Guid(55dabf06b9e8e2948904290607e18a33) Importer(815301076,1909f56bfc062723c751e8b465ee728b)
Start importing Assets/GameObject.prefab using Guid(55dabf06b9e8e2948904290607e18a33) Importer(815301076,1909f56bfc062723c751e8b465ee728b)  -> (artifact id: 'dc3313db9c11fbf1286136e24cd784bd') in 0.029412 seconds
  Import took 0.032037 seconds .

========================================================================
Received Import Request.
  Time since last request: 7.813618 seconds.
  path: Assets/TestDefaultUpdate.cs
  artifactKey: Guid(497cdcc9059638a458443ddf2542a77f) Importer(815301076,1909f56bfc062723c751e8b465ee728b)
Start importing Assets/TestDefaultUpdate.cs using Guid(497cdcc9059638a458443ddf2542a77f) Importer(815301076,1909f56bfc062723c751e8b465ee728b)  -> (artifact id: 'f8fa7def9c517f9eaf8ac5ae911ccbde') in 0.007463 seconds
  Import took 0.010612 seconds .

========================================================================
Received Prepare
Registering precompiled user dll's ...
Registered in 0.000647 seconds.
Begin MonoManager ReloadAssembly
Native extension for WindowsStandalone target not found
Refreshing native plugins compatible for Editor in 0.31 ms, found 1 plugins.
Preloading 0 native plugins for Editor in 0.00 ms.
Invoked RoslynAnalysisRunner static constructor.
RoslynAnalysisRunner will not be running.
RoslynAnalysisRunner has terminated.
Mono: successfully reloaded assembly
- Completed reload, in  0.828 seconds
Platform modules already initialized, skipping
Refreshing native plugins compatible for Editor in 0.32 ms, found 1 plugins.
Preloading 0 native plugins for Editor in 0.00 ms.
Unloading 1809 Unused Serialized files (Serialized files now loaded: 0)
System memory in use before: 85.1 MB.
System memory in use after: 85.1 MB.

Unloading 12 unused Assets to reduce memory usage. Loaded Objects now: 2264.
Total: 2.207400 ms (FindLiveObjects: 0.286100 ms CreateObjectMapping: 0.111100 ms MarkObjects: 1.711900 ms  DeleteObjects: 0.097200 ms)

========================================================================
Received Prepare
Registering precompiled user dll's ...
Registered in 0.001110 seconds.
Begin MonoManager ReloadAssembly
Native extension for WindowsStandalone target not found
Refreshing native plugins compatible for Editor in 0.33 ms, found 1 plugins.
Preloading 0 native plugins for Editor in 0.00 ms.
Invoked RoslynAnalysisRunner static constructor.
RoslynAnalysisRunner will not be running.
RoslynAnalysisRunner has terminated.
Mono: successfully reloaded assembly
- Completed reload, in  0.804 seconds
Platform modules already initialized, skipping
Refreshing native plugins compatible for Editor in 0.58 ms, found 1 plugins.
Preloading 0 native plugins for Editor in 0.00 ms.
Unloading 1809 Unused Serialized files (Serialized files now loaded: 0)
System memory in use before: 85.1 MB.
System memory in use after: 85.1 MB.

Unloading 12 unused Assets to reduce memory usage. Loaded Objects now: 2268.
Total: 2.150900 ms (FindLiveObjects: 0.189200 ms CreateObjectMapping: 0.065700 ms MarkObjects: 1.798400 ms  DeleteObjects: 0.096800 ms)

========================================================================
Received Import Request.
  Time since last request: 2863.645457 seconds.
  path: Assets/TestDefaultUpdate.cs
  artifactKey: Guid(497cdcc9059638a458443ddf2542a77f) Importer(815301076,1909f56bfc062723c751e8b465ee728b)
Start importing Assets/TestDefaultUpdate.cs using Guid(497cdcc9059638a458443ddf2542a77f) Importer(815301076,1909f56bfc062723c751e8b465ee728b)  -> (artifact id: 'f5ccd85efe033f38fa6c1b6ba784fbf7') in 0.004578 seconds
  Import took 0.027385 seconds .

========================================================================
Received Import Request.
  Time since last request: 0.000262 seconds.
  path: Assets/GameObject.prefab
  artifactKey: Guid(55dabf06b9e8e2948904290607e18a33) Importer(815301076,1909f56bfc062723c751e8b465ee728b)
Start importing Assets/GameObject.prefab using Guid(55dabf06b9e8e2948904290607e18a33) Importer(815301076,1909f56bfc062723c751e8b465ee728b)  -> (artifact id: 'ecfdddccef428c95af12d67ee29fef44') in 0.021878 seconds
  Import took 0.028138 seconds .

========================================================================
Received Import Request.
  Time since last request: 11.814446 seconds.
  path: Assets/TestTiming.prefab
  artifactKey: Guid(66966e3fb1c3c854e912cb580d1f7bb5) Importer(815301076,1909f56bfc062723c751e8b465ee728b)
Start importing Assets/TestTiming.prefab using Guid(66966e3fb1c3c854e912cb580d1f7bb5) Importer(815301076,1909f56bfc062723c751e8b465ee728b)  -> (artifact id: '1eaf803c30598bee743b2487d0f75f47') in 0.002818 seconds
  Import took 0.006146 seconds .

========================================================================
Received Import Request.
  Time since last request: 0.005506 seconds.
  path: Assets/TestTiming.prefab
  artifactKey: Guid(66966e3fb1c3c854e912cb580d1f7bb5) Importer(815301076,1909f56bfc062723c751e8b465ee728b)
Start importing Assets/TestTiming.prefab using Guid(66966e3fb1c3c854e912cb580d1f7bb5) Importer(815301076,1909f56bfc062723c751e8b465ee728b)  -> (artifact id: '1eaf803c30598bee743b2487d0f75f47') in 0.002785 seconds
  Import took 0.005473 seconds .

========================================================================
Received Import Request.
  Time since last request: 18.294320 seconds.
  path: Assets/TestDefaultUpdate Variant.prefab
  artifactKey: Guid(dfa0d1649e74e9948be0dfa1fb798332) Importer(815301076,1909f56bfc062723c751e8b465ee728b)
Start importing Assets/TestDefaultUpdate Variant.prefab using Guid(dfa0d1649e74e9948be0dfa1fb798332) Importer(815301076,1909f56bfc062723c751e8b465ee728b)  -> (artifact id: 'f6c3ebea8c84a1df0239317c3773893d') in 0.009143 seconds
  Import took 0.015163 seconds .

========================================================================
Received Import Request.
  Time since last request: 0.012754 seconds.
  path: Assets/TestDefaultUpdate Variant.prefab
  artifactKey: Guid(dfa0d1649e74e9948be0dfa1fb798332) Importer(815301076,1909f56bfc062723c751e8b465ee728b)
Start importing Assets/TestDefaultUpdate Variant.prefab using Guid(dfa0d1649e74e9948be0dfa1fb798332) Importer(815301076,1909f56bfc062723c751e8b465ee728b)  -> (artifact id: 'f6c3ebea8c84a1df0239317c3773893d') in 0.003711 seconds
  Import took 0.007151 seconds .

========================================================================
Received Import Request.
  Time since last request: 13.915382 seconds.
  path: Assets/TestDefaultUpdate.prefab
  artifactKey: Guid(e8200fb8353519d44a7937a9b73380f0) Importer(815301076,1909f56bfc062723c751e8b465ee728b)
Start importing Assets/TestDefaultUpdate.prefab using Guid(e8200fb8353519d44a7937a9b73380f0) Importer(815301076,1909f56bfc062723c751e8b465ee728b)  -> (artifact id: '1c6545cf76d8cc5b800c874ab81d50a6') in 0.003374 seconds
  Import took 0.008237 seconds .

========================================================================
Received Import Request.
  Time since last request: 0.003897 seconds.
  path: Assets/TestDefaultUpdate.prefab
  artifactKey: Guid(e8200fb8353519d44a7937a9b73380f0) Importer(815301076,1909f56bfc062723c751e8b465ee728b)
Start importing Assets/TestDefaultUpdate.prefab using Guid(e8200fb8353519d44a7937a9b73380f0) Importer(815301076,1909f56bfc062723c751e8b465ee728b)  -> (artifact id: '1c6545cf76d8cc5b800c874ab81d50a6') in 0.002681 seconds
  Import took 0.005699 seconds .

========================================================================
Received Import Request.
  Time since last request: 37.539532 seconds.
  path: Assets/Timing2.cs
  artifactKey: Guid(6fca0f0b206fb7749bcd430eb5508574) Importer(815301076,1909f56bfc062723c751e8b465ee728b)
Start importing Assets/Timing2.cs using Guid(6fca0f0b206fb7749bcd430eb5508574) Importer(815301076,1909f56bfc062723c751e8b465ee728b)  -> (artifact id: 'e8432e15a6dbafaa78c6e252712af67c') in 0.006475 seconds
  Import took 0.025395 seconds .

========================================================================
Received Prepare
Registering precompiled user dll's ...
Registered in 0.000703 seconds.
Begin MonoManager ReloadAssembly
Native extension for WindowsStandalone target not found
Refreshing native plugins compatible for Editor in 0.32 ms, found 1 plugins.
Preloading 0 native plugins for Editor in 0.00 ms.
Invoked RoslynAnalysisRunner static constructor.
RoslynAnalysisRunner will not be running.
RoslynAnalysisRunner has terminated.
Mono: successfully reloaded assembly
- Completed reload, in  0.809 seconds
Platform modules already initialized, skipping
Refreshing native plugins compatible for Editor in 0.56 ms, found 1 plugins.
Preloading 0 native plugins for Editor in 0.00 ms.
Unloading 1808 Unused Serialized files (Serialized files now loaded: 0)
System memory in use before: 85.1 MB.
System memory in use after: 85.1 MB.

Unloading 13 unused Assets to reduce memory usage. Loaded Objects now: 2271.
Total: 2.339300 ms (FindLiveObjects: 0.472100 ms CreateObjectMapping: 0.080700 ms MarkObjects: 1.685700 ms  DeleteObjects: 0.099700 ms)

========================================================================
Received Prepare
Registering precompiled user dll's ...
Registered in 0.000751 seconds.
Begin MonoManager ReloadAssembly
Native extension for WindowsStandalone target not found
Refreshing native plugins compatible for Editor in 0.38 ms, found 1 plugins.
Preloading 0 native plugins for Editor in 0.00 ms.
Invoked RoslynAnalysisRunner static constructor.
RoslynAnalysisRunner will not be running.
RoslynAnalysisRunner has terminated.
Mono: successfully reloaded assembly
- Completed reload, in  0.806 seconds
Platform modules already initialized, skipping
Refreshing native plugins compatible for Editor in 0.55 ms, found 1 plugins.
Preloading 0 native plugins for Editor in 0.00 ms.
Unloading 1808 Unused Serialized files (Serialized files now loaded: 0)
System memory in use before: 85.1 MB.
System memory in use after: 85.1 MB.

Unloading 12 unused Assets to reduce memory usage. Loaded Objects now: 2275.
Total: 2.272900 ms (FindLiveObjects: 0.384100 ms CreateObjectMapping: 0.078400 ms MarkObjects: 1.708100 ms  DeleteObjects: 0.101000 ms)

========================================================================
Received Prepare
Registering precompiled user dll's ...
Registered in 0.000791 seconds.
Begin MonoManager ReloadAssembly
Native extension for WindowsStandalone target not found
Refreshing native plugins compatible for Editor in 0.31 ms, found 1 plugins.
Preloading 0 native plugins for Editor in 0.00 ms.
Invoked RoslynAnalysisRunner static constructor.
RoslynAnalysisRunner will not be running.
RoslynAnalysisRunner has terminated.
Mono: successfully reloaded assembly
- Completed reload, in  0.813 seconds
Platform modules already initialized, skipping
Refreshing native plugins compatible for Editor in 0.36 ms, found 1 plugins.
Preloading 0 native plugins for Editor in 0.00 ms.
Unloading 1808 Unused Serialized files (Serialized files now loaded: 0)
System memory in use before: 85.1 MB.
System memory in use after: 85.1 MB.

Unloading 12 unused Assets to reduce memory usage. Loaded Objects now: 2279.
Total: 2.002300 ms (FindLiveObjects: 0.212100 ms CreateObjectMapping: 0.077000 ms MarkObjects: 1.603000 ms  DeleteObjects: 0.108400 ms)

========================================================================
Received Prepare
Registering precompiled user dll's ...
Registered in 0.000724 seconds.
Begin MonoManager ReloadAssembly
Native extension for WindowsStandalone target not found
Refreshing native plugins compatible for Editor in 0.36 ms, found 1 plugins.
Preloading 0 native plugins for Editor in 0.00 ms.
Invoked RoslynAnalysisRunner static constructor.
RoslynAnalysisRunner will not be running.
RoslynAnalysisRunner has terminated.
Mono: successfully reloaded assembly
- Completed reload, in  0.769 seconds
Platform modules already initialized, skipping
Refreshing native plugins compatible for Editor in 0.53 ms, found 1 plugins.
Preloading 0 native plugins for Editor in 0.00 ms.
Unloading 1808 Unused Serialized files (Serialized files now loaded: 0)
System memory in use before: 85.1 MB.
System memory in use after: 85.1 MB.

Unloading 12 unused Assets to reduce memory usage. Loaded Objects now: 2283.
Total: 1.984600 ms (FindLiveObjects: 0.250500 ms CreateObjectMapping: 0.097900 ms MarkObjects: 1.535200 ms  DeleteObjects: 0.100000 ms)

